                                           SUBWAY VENTILATION SIMULATION         
                                                     VERSION 6                   
                                                      OCT 2014                   
                                                                                 
                                              XXXXX   XXXXXXX   XXXXX            
                                             X        X        X                 
                                              XXXXX   XXXXX     XXXXX            
                                                   X  X              X           
                                                   X  X              X           
                                             XXXXXX   XXXXXXX  XXXXXX            
                                                                                 
                                                 XXXXX   XXXXXXX                 
                                                X           X                    
                                                 XXXXX      X                    
                                                      X     X                    
                                                      X     X                    
                                                XXXXXX   XXXXXXX                 


                                            SUBWAY VENTILATION SIMULATION

                                                  SIMULATION OF

                         SVS 6.6.2 output file to raise an SESconv.py error.

                         The line of entry with the SVS version number does not

                         exist in this file (the file is truncated).

                                    DESIGN TIME 1700 HRS   JULY       2020
                                                                                 DEVELOPED BY -
                                                                                   WSP | PARSONS BRINCKERHOFF
                                                                                   NEW YORK CITY, NEW YORK
