Processing "/Users/ecb/Documents/GitHub/Hobyah/SES-files/raise-SESconv-errors/SES-fault-8221-form-3B.PRN".
Using SESconv.py, run at 11:15 on 26 May 2025 by ecb.
> You have chosen to set the option "-acceptwrong".
>
> The "-acceptwrong" option turns off some critical sanity checks
> and allows SES runs that are known to be wrong to be processed.
>
> The "-acceptwrong" option is intended to make things easier for
> programmers who are running modified SES code (e.g. executables
> in which SES v4.1 bugs have been fixed).
>
> Those programmers use it to check various things in modified
> versions of SES.  If you are not a programmer experienced in
> modifying the SES Fortran source code you will most likely
> regret using the "-acceptwrong" option.
>
> Please run through this thought experiment:
>
>   Are you setting the "-acceptwrong" option while hiding your
>   use of it from your boss because admitting that the SES run
>   is wrong would make you or your boss lose face?
>
> If yes, you have my sympathy.  But I still recommend that you
> do not use the "-acceptwrong" option.  Either 'fess up, or find
> some other way to move slowly from your wrong runs towards a
> sane set of design calculations (difficult, but it can be done).
>
> Ok, you have been warned.  If you are not a competent Fortran
> programmer using this option with your eyes open, then on your
> own head be it!
SES read all the input but you told it not to run.
Checking the output file for SES error messages...didn't find any SES error messages.
Processed form 1C
Processed form 1D
Processed form 1E
Processed form 1F
Processed form 1G
Processed form 1H
Expecting 2 instances of form 2A and 1 instance of form 2B.
Processed form 2
Expecting 2 instances of form 3.
> *Error* type 8221 ******************************
> Came across an instance of form 3B in which there
> were zero values of perimeter appearing before non-
> zero values of perimeter.  Details are:
>   There were 3 perimeters printed to the output file.
>   There were 4 perimeters in the input file.
> Due to a bug in SES some of the roughnesses have
> been ignored and the total perimeter and friction
> factor of segment 52 in "SES-fault-8221-form-3B.PRN" are wrong.
> Faulty line of input (349th) is
>    PERIMETERS         13.3    20.0     0.0                                           TOTAL PERIMETER        53.3  FT
Failed to process form 3
